[0705/100546:ERROR:process_info.cc(608)] range at 0xfffde000, size 0x230 fully unreadable
[0705/100546:ERROR:process_reader_win.cc(113)] NtOpenThread: {Access Denied} A process has requested access to an object, but has not been granted those access rights.  (0xc0000022)
[0705/100546:ERROR:exception_snapshot_win.cc(57)] thread ID 3980 not found in process
[0705/100546:WARNING:crash_report_exception_handler.cc(60)] ProcessSnapshotWin::InitializeException failed
[0705/111635:ERROR:process_info.cc(608)] range at 0xfffde000, size 0x230 fully unreadable
[0705/111635:ERROR:process_reader_win.cc(113)] NtOpenThread: {Access Denied} A process has requested access to an object, but has not been granted those access rights.  (0xc0000022)
[0705/111635:ERROR:exception_snapshot_win.cc(57)] thread ID 8400 not found in process
[0705/111635:WARNING:crash_report_exception_handler.cc(60)] ProcessSnapshotWin::InitializeException failed
[0705/112336:ERROR:process_info.cc(608)] range at 0xfffde000, size 0x230 fully unreadable
[0705/112336:ERROR:process_reader_win.cc(113)] NtOpenThread: {Access Denied} A process has requested access to an object, but has not been granted those access rights.  (0xc0000022)
[0705/112336:ERROR:exception_snapshot_win.cc(57)] thread ID 9136 not found in process
[0705/112336:WARNING:crash_report_exception_handler.cc(60)] ProcessSnapshotWin::InitializeException failed
[0705/112448:ERROR:process_info.cc(608)] range at 0xfffde000, size 0x230 fully unreadable
[0705/112448:ERROR:process_reader_win.cc(113)] NtOpenThread: {Access Denied} A process has requested access to an object, but has not been granted those access rights.  (0xc0000022)
[0705/112448:ERROR:exception_snapshot_win.cc(57)] thread ID 3552 not found in process
[0705/112448:WARNING:crash_report_exception_handler.cc(60)] ProcessSnapshotWin::InitializeException failed
[0706/170258:ERROR:process_info.cc(608)] range at 0xfffde000, size 0x230 fully unreadable
[0706/170258:ERROR:process_reader_win.cc(113)] NtOpenThread: {Access Denied} A process has requested access to an object, but has not been granted those access rights.  (0xc0000022)
[0706/170258:ERROR:exception_snapshot_win.cc(57)] thread ID 10388 not found in process
[0706/170258:WARNING:crash_report_exception_handler.cc(60)] ProcessSnapshotWin::InitializeException failed
[0706/170332:ERROR:process_info.cc(608)] range at 0xfffde000, size 0x230 fully unreadable
[0706/170332:ERROR:process_reader_win.cc(113)] NtOpenThread: {Access Denied} A process has requested access to an object, but has not been granted those access rights.  (0xc0000022)
[0706/170332:ERROR:exception_snapshot_win.cc(57)] thread ID 7232 not found in process
[0706/170332:WARNING:crash_report_exception_handler.cc(60)] ProcessSnapshotWin::InitializeException failed
[0706/170505:ERROR:process_info.cc(608)] range at 0xfffde000, size 0x230 fully unreadable
[0706/170505:ERROR:process_reader_win.cc(113)] NtOpenThread: {Access Denied} A process has requested access to an object, but has not been granted those access rights.  (0xc0000022)
[0706/170505:ERROR:exception_snapshot_win.cc(57)] thread ID 4320 not found in process
[0706/170505:WARNING:crash_report_exception_handler.cc(60)] ProcessSnapshotWin::InitializeException failed
[0707/144850:ERROR:process_info.cc(608)] range at 0xfffde000, size 0x230 fully unreadable
[0707/144850:ERROR:process_reader_win.cc(113)] NtOpenThread: {Access Denied} A process has requested access to an object, but has not been granted those access rights.  (0xc0000022)
[0707/144850:ERROR:exception_snapshot_win.cc(57)] thread ID 10728 not found in process
[0707/144850:WARNING:crash_report_exception_handler.cc(60)] ProcessSnapshotWin::InitializeException failed
[0707/144923:ERROR:process_info.cc(608)] range at 0xfffde000, size 0x230 fully unreadable
[0707/144923:ERROR:process_reader_win.cc(113)] NtOpenThread: {Access Denied} A process has requested access to an object, but has not been granted those access rights.  (0xc0000022)
[0707/144923:ERROR:exception_snapshot_win.cc(57)] thread ID 10364 not found in process
[0707/144923:WARNING:crash_report_exception_handler.cc(60)] ProcessSnapshotWin::InitializeException failed
[0707/145015:ERROR:process_info.cc(608)] range at 0xfffde000, size 0x230 fully unreadable
[0707/145015:ERROR:process_reader_win.cc(113)] NtOpenThread: {Access Denied} A process has requested access to an object, but has not been granted those access rights.  (0xc0000022)
[0707/145015:ERROR:exception_snapshot_win.cc(57)] thread ID 8596 not found in process
[0707/145015:WARNING:crash_report_exception_handler.cc(60)] ProcessSnapshotWin::InitializeException failed
[0711/120940:ERROR:process_info.cc(608)] range at 0xfffde000, size 0x230 fully unreadable
[0711/120940:ERROR:process_reader_win.cc(113)] NtOpenThread: {Access Denied} A process has requested access to an object, but has not been granted those access rights.  (0xc0000022)
[0711/120940:ERROR:exception_snapshot_win.cc(57)] thread ID 8684 not found in process
[0711/120940:WARNING:crash_report_exception_handler.cc(60)] ProcessSnapshotWin::InitializeException failed
[0711/121152:ERROR:process_info.cc(608)] range at 0xfffde000, size 0x230 fully unreadable
[0711/121152:ERROR:process_reader_win.cc(113)] NtOpenThread: {Access Denied} A process has requested access to an object, but has not been granted those access rights.  (0xc0000022)
[0711/121152:ERROR:exception_snapshot_win.cc(57)] thread ID 7760 not found in process
[0711/121152:WARNING:crash_report_exception_handler.cc(60)] ProcessSnapshotWin::InitializeException failed
[0813/103951:ERROR:process_info.cc(608)] range at 0xfffde000, size 0x230 fully unreadable
[0813/103951:ERROR:process_reader_win.cc(114)] NtOpenThread: {Access Denied} A process has requested access to an object, but has not been granted those access rights.  (0xc0000022)
[0813/103951:ERROR:exception_snapshot_win.cc(88)] thread ID 4448 not found in process
[0813/103951:WARNING:crash_report_exception_handler.cc(60)] ProcessSnapshotWin::InitializeException failed
[0813/104307:ERROR:process_info.cc(608)] range at 0xfffde000, size 0x230 fully unreadable
[0813/104307:ERROR:process_reader_win.cc(142)] SuspendThread: Access is denied. (0x5)
[0813/104307:ERROR:process_reader_win.cc(114)] NtOpenThread: {Access Denied} A process has requested access to an object, but has not been granted those access rights.  (0xc0000022)
[0813/104307:ERROR:exception_snapshot_win.cc(88)] thread ID 1272 not found in process
[0813/104307:WARNING:crash_report_exception_handler.cc(60)] ProcessSnapshotWin::InitializeException failed
[0813/104523:ERROR:process_info.cc(608)] range at 0xfffde000, size 0x230 fully unreadable
[0813/104523:ERROR:process_reader_win.cc(114)] NtOpenThread: {Access Denied} A process has requested access to an object, but has not been granted those access rights.  (0xc0000022)
[0813/104523:ERROR:exception_snapshot_win.cc(88)] thread ID 8352 not found in process
[0813/104523:WARNING:crash_report_exception_handler.cc(60)] ProcessSnapshotWin::InitializeException failed
[0813/105149:ERROR:process_info.cc(608)] range at 0xfffde000, size 0x230 fully unreadable
[0813/105149:ERROR:process_reader_win.cc(142)] SuspendThread: Access is denied. (0x5)
[0813/105149:ERROR:process_reader_win.cc(142)] SuspendThread: Access is denied. (0x5)
[0813/105149:ERROR:process_reader_win.cc(142)] SuspendThread: Access is denied. (0x5)
[0813/105149:ERROR:process_reader_win.cc(114)] NtOpenThread: {Access Denied} A process has requested access to an object, but has not been granted those access rights.  (0xc0000022)
[0813/105149:ERROR:exception_snapshot_win.cc(88)] thread ID 9408 not found in process
[0813/105149:WARNING:crash_report_exception_handler.cc(60)] ProcessSnapshotWin::InitializeException failed
[0813/105429:ERROR:process_info.cc(608)] range at 0xfffde000, size 0x230 fully unreadable
[0813/105429:ERROR:process_reader_win.cc(114)] NtOpenThread: {Access Denied} A process has requested access to an object, but has not been granted those access rights.  (0xc0000022)
[0813/105429:ERROR:exception_snapshot_win.cc(88)] thread ID 9488 not found in process
[0813/105429:WARNING:crash_report_exception_handler.cc(60)] ProcessSnapshotWin::InitializeException failed
[0813/113202:ERROR:process_info.cc(608)] range at 0xfffde000, size 0x230 fully unreadable
[0813/113202:ERROR:process_reader_win.cc(114)] NtOpenThread: {Access Denied} A process has requested access to an object, but has not been granted those access rights.  (0xc0000022)
[0813/113202:ERROR:exception_snapshot_win.cc(88)] thread ID 9424 not found in process
[0813/113202:WARNING:crash_report_exception_handler.cc(60)] ProcessSnapshotWin::InitializeException failed
[0813/114956:ERROR:process_info.cc(608)] range at 0xfffde000, size 0x230 fully unreadable
[0813/114956:ERROR:process_reader_win.cc(114)] NtOpenThread: {Access Denied} A process has requested access to an object, but has not been granted those access rights.  (0xc0000022)
[0813/114956:ERROR:exception_snapshot_win.cc(88)] thread ID 4088 not found in process
[0813/114956:WARNING:crash_report_exception_handler.cc(60)] ProcessSnapshotWin::InitializeException failed
[0815/151014:ERROR:process_info.cc(608)] range at 0xfffde000, size 0x230 fully unreadable
[0815/151014:ERROR:process_reader_win.cc(114)] NtOpenThread: {Access Denied} A process has requested access to an object, but has not been granted those access rights.  (0xc0000022)
[0815/151014:ERROR:exception_snapshot_win.cc(88)] thread ID 9176 not found in process
[0815/151014:WARNING:crash_report_exception_handler.cc(60)] ProcessSnapshotWin::InitializeException failed
[0815/151632:ERROR:process_info.cc(608)] range at 0xfffde000, size 0x230 fully unreadable
[0815/151632:ERROR:process_reader_win.cc(114)] NtOpenThread: {Access Denied} A process has requested access to an object, but has not been granted those access rights.  (0xc0000022)
[0815/151632:ERROR:exception_snapshot_win.cc(88)] thread ID 2504 not found in process
[0815/151632:WARNING:crash_report_exception_handler.cc(60)] ProcessSnapshotWin::InitializeException failed
[0815/153956:ERROR:process_info.cc(608)] range at 0xfffde000, size 0x230 fully unreadable
[0815/153956:ERROR:process_reader_win.cc(114)] NtOpenThread: {Access Denied} A process has requested access to an object, but has not been granted those access rights.  (0xc0000022)
[0815/153956:ERROR:exception_snapshot_win.cc(88)] thread ID 5108 not found in process
[0815/153956:WARNING:crash_report_exception_handler.cc(60)] ProcessSnapshotWin::InitializeException failed
[0815/154039:ERROR:process_info.cc(608)] range at 0xfffde000, size 0x230 fully unreadable
[0815/154039:ERROR:process_reader_win.cc(114)] NtOpenThread: {Access Denied} A process has requested access to an object, but has not been granted those access rights.  (0xc0000022)
[0815/154039:ERROR:exception_snapshot_win.cc(88)] thread ID 7772 not found in process
[0815/154039:WARNING:crash_report_exception_handler.cc(60)] ProcessSnapshotWin::InitializeException failed
[0816/092512:ERROR:process_info.cc(608)] range at 0xfffde000, size 0x230 fully unreadable
[0816/092512:ERROR:process_reader_win.cc(114)] NtOpenThread: {Access Denied} A process has requested access to an object, but has not been granted those access rights.  (0xc0000022)
[0816/092512:ERROR:exception_snapshot_win.cc(88)] thread ID 8176 not found in process
[0816/092512:WARNING:crash_report_exception_handler.cc(60)] ProcessSnapshotWin::InitializeException failed
[0816/104051:ERROR:process_info.cc(608)] range at 0xfffde000, size 0x230 fully unreadable
[0816/104051:ERROR:process_reader_win.cc(114)] NtOpenThread: {Access Denied} A process has requested access to an object, but has not been granted those access rights.  (0xc0000022)
[0816/104051:ERROR:exception_snapshot_win.cc(88)] thread ID 4244 not found in process
[0816/104051:WARNING:crash_report_exception_handler.cc(60)] ProcessSnapshotWin::InitializeException failed
[0816/104454:ERROR:process_info.cc(608)] range at 0xfffde000, size 0x230 fully unreadable
[0816/104454:ERROR:process_reader_win.cc(114)] NtOpenThread: {Access Denied} A process has requested access to an object, but has not been granted those access rights.  (0xc0000022)
[0816/104454:ERROR:exception_snapshot_win.cc(88)] thread ID 7108 not found in process
[0816/104454:WARNING:crash_report_exception_handler.cc(60)] ProcessSnapshotWin::InitializeException failed
[0816/105011:ERROR:process_info.cc(608)] range at 0xfffde000, size 0x230 fully unreadable
[0816/105011:ERROR:process_reader_win.cc(114)] NtOpenThread: {Access Denied} A process has requested access to an object, but has not been granted those access rights.  (0xc0000022)
[0816/105011:ERROR:exception_snapshot_win.cc(88)] thread ID 8252 not found in process
[0816/105011:WARNING:crash_report_exception_handler.cc(60)] ProcessSnapshotWin::InitializeException failed
[0816/111019:ERROR:process_info.cc(608)] range at 0xfffde000, size 0x230 fully unreadable
[0816/111019:ERROR:process_reader_win.cc(114)] NtOpenThread: {Access Denied} A process has requested access to an object, but has not been granted those access rights.  (0xc0000022)
[0816/111019:ERROR:exception_snapshot_win.cc(88)] thread ID 7080 not found in process
[0816/111019:WARNING:crash_report_exception_handler.cc(60)] ProcessSnapshotWin::InitializeException failed
[0816/111106:ERROR:process_info.cc(608)] range at 0xfffde000, size 0x230 fully unreadable
[0816/111106:ERROR:process_reader_win.cc(114)] NtOpenThread: {Access Denied} A process has requested access to an object, but has not been granted those access rights.  (0xc0000022)
[0816/111106:ERROR:exception_snapshot_win.cc(88)] thread ID 8492 not found in process
[0816/111106:WARNING:crash_report_exception_handler.cc(60)] ProcessSnapshotWin::InitializeException failed
[0816/111138:ERROR:process_info.cc(608)] range at 0xfffde000, size 0x230 fully unreadable
[0816/111138:ERROR:process_reader_win.cc(114)] NtOpenThread: {Access Denied} A process has requested access to an object, but has not been granted those access rights.  (0xc0000022)
[0816/111138:ERROR:exception_snapshot_win.cc(88)] thread ID 5348 not found in process
[0816/111138:WARNING:crash_report_exception_handler.cc(60)] ProcessSnapshotWin::InitializeException failed
[0816/111518:ERROR:process_info.cc(608)] range at 0xfffde000, size 0x230 fully unreadable
[0816/111518:ERROR:process_reader_win.cc(114)] NtOpenThread: {Access Denied} A process has requested access to an object, but has not been granted those access rights.  (0xc0000022)
[0816/111518:ERROR:exception_snapshot_win.cc(88)] thread ID 7328 not found in process
[0816/111518:WARNING:crash_report_exception_handler.cc(60)] ProcessSnapshotWin::InitializeException failed
[0816/111556:ERROR:process_info.cc(608)] range at 0xfffde000, size 0x230 fully unreadable
[0816/111556:ERROR:process_reader_win.cc(114)] NtOpenThread: {Access Denied} A process has requested access to an object, but has not been granted those access rights.  (0xc0000022)
[0816/111556:ERROR:exception_snapshot_win.cc(88)] thread ID 8784 not found in process
[0816/111556:WARNING:crash_report_exception_handler.cc(60)] ProcessSnapshotWin::InitializeException failed
[0816/111752:ERROR:process_info.cc(608)] range at 0xfffde000, size 0x230 fully unreadable
[0816/111752:ERROR:process_reader_win.cc(114)] NtOpenThread: {Access Denied} A process has requested access to an object, but has not been granted those access rights.  (0xc0000022)
[0816/111752:ERROR:exception_snapshot_win.cc(88)] thread ID 7572 not found in process
[0816/111752:WARNING:crash_report_exception_handler.cc(60)] ProcessSnapshotWin::InitializeException failed
[0816/123128:ERROR:process_info.cc(608)] range at 0xfffde000, size 0x230 fully unreadable
[0816/123128:ERROR:process_reader_win.cc(114)] NtOpenThread: {Access Denied} A process has requested access to an object, but has not been granted those access rights.  (0xc0000022)
[0816/123128:ERROR:exception_snapshot_win.cc(88)] thread ID 9760 not found in process
[0816/123128:WARNING:crash_report_exception_handler.cc(60)] ProcessSnapshotWin::InitializeException failed
[0816/124021:ERROR:process_info.cc(608)] range at 0xfffde000, size 0x230 fully unreadable
[0816/124021:ERROR:process_reader_win.cc(114)] NtOpenThread: {Access Denied} A process has requested access to an object, but has not been granted those access rights.  (0xc0000022)
[0816/124021:ERROR:exception_snapshot_win.cc(88)] thread ID 8856 not found in process
[0816/124021:WARNING:crash_report_exception_handler.cc(60)] ProcessSnapshotWin::InitializeException failed
[0816/163459:ERROR:process_info.cc(608)] range at 0xfffde000, size 0x230 fully unreadable
[0816/163459:ERROR:process_reader_win.cc(114)] NtOpenThread: {Access Denied} A process has requested access to an object, but has not been granted those access rights.  (0xc0000022)
[0816/163459:ERROR:exception_snapshot_win.cc(88)] thread ID 10188 not found in process
[0816/163459:WARNING:crash_report_exception_handler.cc(60)] ProcessSnapshotWin::InitializeException failed
[0816/163640:ERROR:process_info.cc(608)] range at 0xfffde000, size 0x230 fully unreadable
[0816/163640:ERROR:process_reader_win.cc(114)] NtOpenThread: {Access Denied} A process has requested access to an object, but has not been granted those access rights.  (0xc0000022)
[0816/163640:ERROR:exception_snapshot_win.cc(88)] thread ID 7264 not found in process
[0816/163640:WARNING:crash_report_exception_handler.cc(60)] ProcessSnapshotWin::InitializeException failed
[0816/163948:ERROR:process_info.cc(608)] range at 0xfffde000, size 0x230 fully unreadable
[0816/163948:ERROR:process_reader_win.cc(114)] NtOpenThread: {Access Denied} A process has requested access to an object, but has not been granted those access rights.  (0xc0000022)
[0816/163948:ERROR:exception_snapshot_win.cc(88)] thread ID 7684 not found in process
[0816/163948:WARNING:crash_report_exception_handler.cc(60)] ProcessSnapshotWin::InitializeException failed
[0816/164107:ERROR:process_info.cc(608)] range at 0xfffde000, size 0x230 fully unreadable
[0816/164107:ERROR:process_reader_win.cc(114)] NtOpenThread: {Access Denied} A process has requested access to an object, but has not been granted those access rights.  (0xc0000022)
[0816/164107:ERROR:exception_snapshot_win.cc(88)] thread ID 7496 not found in process
[0816/164107:WARNING:crash_report_exception_handler.cc(60)] ProcessSnapshotWin::InitializeException failed
[0816/164257:ERROR:process_info.cc(608)] range at 0xfffde000, size 0x230 fully unreadable
[0816/164257:ERROR:process_reader_win.cc(114)] NtOpenThread: {Access Denied} A process has requested access to an object, but has not been granted those access rights.  (0xc0000022)
[0816/164257:ERROR:exception_snapshot_win.cc(88)] thread ID 9620 not found in process
[0816/164257:WARNING:crash_report_exception_handler.cc(60)] ProcessSnapshotWin::InitializeException failed
[0816/164510:ERROR:process_info.cc(608)] range at 0xfffde000, size 0x230 fully unreadable
[0816/164510:ERROR:process_reader_win.cc(114)] NtOpenThread: {Access Denied} A process has requested access to an object, but has not been granted those access rights.  (0xc0000022)
[0816/164510:ERROR:exception_snapshot_win.cc(88)] thread ID 3728 not found in process
[0816/164510:WARNING:crash_report_exception_handler.cc(60)] ProcessSnapshotWin::InitializeException failed
[0816/164651:ERROR:process_info.cc(608)] range at 0xfffde000, size 0x230 fully unreadable
[0816/164651:ERROR:process_reader_win.cc(114)] NtOpenThread: {Access Denied} A process has requested access to an object, but has not been granted those access rights.  (0xc0000022)
[0816/164651:ERROR:exception_snapshot_win.cc(88)] thread ID 8892 not found in process
[0816/164651:WARNING:crash_report_exception_handler.cc(60)] ProcessSnapshotWin::InitializeException failed
[0816/164814:ERROR:process_info.cc(608)] range at 0xfffde000, size 0x230 fully unreadable
[0816/164814:ERROR:process_reader_win.cc(114)] NtOpenThread: {Access Denied} A process has requested access to an object, but has not been granted those access rights.  (0xc0000022)
[0816/164814:ERROR:exception_snapshot_win.cc(88)] thread ID 4932 not found in process
[0816/164814:WARNING:crash_report_exception_handler.cc(60)] ProcessSnapshotWin::InitializeException failed
[0816/165226:ERROR:process_info.cc(608)] range at 0xfffde000, size 0x230 fully unreadable
[0816/165226:ERROR:process_reader_win.cc(114)] NtOpenThread: {Access Denied} A process has requested access to an object, but has not been granted those access rights.  (0xc0000022)
[0816/165226:ERROR:exception_snapshot_win.cc(88)] thread ID 5492 not found in process
[0816/165226:WARNING:crash_report_exception_handler.cc(60)] ProcessSnapshotWin::InitializeException failed
[0816/165526:ERROR:process_info.cc(608)] range at 0xfffde000, size 0x230 fully unreadable
[0816/165526:ERROR:process_reader_win.cc(114)] NtOpenThread: {Access Denied} A process has requested access to an object, but has not been granted those access rights.  (0xc0000022)
[0816/165526:ERROR:exception_snapshot_win.cc(88)] thread ID 7808 not found in process
[0816/165526:WARNING:crash_report_exception_handler.cc(60)] ProcessSnapshotWin::InitializeException failed
[0816/165614:ERROR:process_info.cc(608)] range at 0xfffde000, size 0x230 fully unreadable
[0816/165614:ERROR:process_reader_win.cc(114)] NtOpenThread: {Access Denied} A process has requested access to an object, but has not been granted those access rights.  (0xc0000022)
[0816/165614:ERROR:exception_snapshot_win.cc(88)] thread ID 5492 not found in process
[0816/165614:WARNING:crash_report_exception_handler.cc(60)] ProcessSnapshotWin::InitializeException failed
[0816/165714:ERROR:process_info.cc(608)] range at 0xfffde000, size 0x230 fully unreadable
[0816/165714:ERROR:process_reader_win.cc(114)] NtOpenThread: {Access Denied} A process has requested access to an object, but has not been granted those access rights.  (0xc0000022)
[0816/165714:ERROR:exception_snapshot_win.cc(88)] thread ID 7980 not found in process
[0816/165714:WARNING:crash_report_exception_handler.cc(60)] ProcessSnapshotWin::InitializeException failed
[0816/165845:ERROR:process_info.cc(608)] range at 0xfffde000, size 0x230 fully unreadable
[0816/165845:ERROR:process_reader_win.cc(114)] NtOpenThread: {Access Denied} A process has requested access to an object, but has not been granted those access rights.  (0xc0000022)
[0816/165845:ERROR:exception_snapshot_win.cc(88)] thread ID 8836 not found in process
[0816/165845:WARNING:crash_report_exception_handler.cc(60)] ProcessSnapshotWin::InitializeException failed
[0816/165921:ERROR:process_info.cc(608)] range at 0xfffde000, size 0x230 fully unreadable
[0816/165921:ERROR:process_reader_win.cc(114)] NtOpenThread: {Access Denied} A process has requested access to an object, but has not been granted those access rights.  (0xc0000022)
[0816/165921:ERROR:exception_snapshot_win.cc(88)] thread ID 4300 not found in process
[0816/165921:WARNING:crash_report_exception_handler.cc(60)] ProcessSnapshotWin::InitializeException failed
[0816/170048:ERROR:process_info.cc(608)] range at 0xfffde000, size 0x230 fully unreadable
[0816/170048:ERROR:process_reader_win.cc(114)] NtOpenThread: {Access Denied} A process has requested access to an object, but has not been granted those access rights.  (0xc0000022)
[0816/170048:ERROR:exception_snapshot_win.cc(88)] thread ID 6904 not found in process
[0816/170048:WARNING:crash_report_exception_handler.cc(60)] ProcessSnapshotWin::InitializeException failed
[0816/171120:ERROR:process_info.cc(608)] range at 0xfffde000, size 0x230 fully unreadable
[0816/171120:ERROR:process_reader_win.cc(114)] NtOpenThread: {Access Denied} A process has requested access to an object, but has not been granted those access rights.  (0xc0000022)
[0816/171120:ERROR:exception_snapshot_win.cc(88)] thread ID 9440 not found in process
[0816/171120:WARNING:crash_report_exception_handler.cc(60)] ProcessSnapshotWin::InitializeException failed
[0816/171408:ERROR:process_info.cc(608)] range at 0xfffde000, size 0x230 fully unreadable
[0816/171409:ERROR:process_reader_win.cc(114)] NtOpenThread: {Access Denied} A process has requested access to an object, but has not been granted those access rights.  (0xc0000022)
[0816/171409:ERROR:exception_snapshot_win.cc(88)] thread ID 7080 not found in process
[0816/171409:WARNING:crash_report_exception_handler.cc(60)] ProcessSnapshotWin::InitializeException failed
[0816/171525:ERROR:process_info.cc(608)] range at 0xfffde000, size 0x230 fully unreadable
[0816/171525:ERROR:process_reader_win.cc(114)] NtOpenThread: {Access Denied} A process has requested access to an object, but has not been granted those access rights.  (0xc0000022)
[0816/171525:ERROR:exception_snapshot_win.cc(88)] thread ID 5176 not found in process
[0816/171525:WARNING:crash_report_exception_handler.cc(60)] ProcessSnapshotWin::InitializeException failed
[0816/171846:ERROR:process_info.cc(608)] range at 0xfffde000, size 0x230 fully unreadable
[0816/171846:ERROR:process_reader_win.cc(114)] NtOpenThread: {Access Denied} A process has requested access to an object, but has not been granted those access rights.  (0xc0000022)
[0816/171846:ERROR:exception_snapshot_win.cc(88)] thread ID 7380 not found in process
[0816/171846:WARNING:crash_report_exception_handler.cc(60)] ProcessSnapshotWin::InitializeException failed
[0816/171932:ERROR:process_info.cc(608)] range at 0xfffde000, size 0x230 fully unreadable
[0816/171932:ERROR:process_reader_win.cc(114)] NtOpenThread: {Access Denied} A process has requested access to an object, but has not been granted those access rights.  (0xc0000022)
[0816/171932:ERROR:exception_snapshot_win.cc(88)] thread ID 7980 not found in process
[0816/171932:WARNING:crash_report_exception_handler.cc(60)] ProcessSnapshotWin::InitializeException failed
[0816/172059:ERROR:process_info.cc(608)] range at 0xfffde000, size 0x230 fully unreadable
[0816/172059:ERROR:process_reader_win.cc(114)] NtOpenThread: {Access Denied} A process has requested access to an object, but has not been granted those access rights.  (0xc0000022)
[0816/172059:ERROR:exception_snapshot_win.cc(88)] thread ID 776 not found in process
[0816/172059:WARNING:crash_report_exception_handler.cc(60)] ProcessSnapshotWin::InitializeException failed
[0817/083534:ERROR:process_info.cc(608)] range at 0xfffde000, size 0x230 fully unreadable
[0817/083534:ERROR:process_reader_win.cc(114)] NtOpenThread: {Access Denied} A process has requested access to an object, but has not been granted those access rights.  (0xc0000022)
[0817/083534:ERROR:exception_snapshot_win.cc(88)] thread ID 1508 not found in process
[0817/083534:WARNING:crash_report_exception_handler.cc(60)] ProcessSnapshotWin::InitializeException failed
[0817/083857:ERROR:process_info.cc(608)] range at 0xfffde000, size 0x230 fully unreadable
[0817/083857:ERROR:process_reader_win.cc(114)] NtOpenThread: {Access Denied} A process has requested access to an object, but has not been granted those access rights.  (0xc0000022)
[0817/083857:ERROR:exception_snapshot_win.cc(88)] thread ID 10136 not found in process
[0817/083857:WARNING:crash_report_exception_handler.cc(60)] ProcessSnapshotWin::InitializeException failed
[0817/083945:ERROR:process_info.cc(608)] range at 0xfffde000, size 0x230 fully unreadable
[0817/083945:ERROR:process_reader_win.cc(114)] NtOpenThread: {Access Denied} A process has requested access to an object, but has not been granted those access rights.  (0xc0000022)
[0817/083945:ERROR:exception_snapshot_win.cc(88)] thread ID 9808 not found in process
[0817/083945:WARNING:crash_report_exception_handler.cc(60)] ProcessSnapshotWin::InitializeException failed
[0817/084245:ERROR:process_info.cc(608)] range at 0xfffde000, size 0x230 fully unreadable
[0817/084245:ERROR:process_reader_win.cc(114)] NtOpenThread: {Access Denied} A process has requested access to an object, but has not been granted those access rights.  (0xc0000022)
[0817/084245:ERROR:exception_snapshot_win.cc(88)] thread ID 6616 not found in process
[0817/084245:WARNING:crash_report_exception_handler.cc(60)] ProcessSnapshotWin::InitializeException failed
[0817/084850:ERROR:process_info.cc(608)] range at 0xfffde000, size 0x230 fully unreadable
[0817/084850:ERROR:process_reader_win.cc(114)] NtOpenThread: {Access Denied} A process has requested access to an object, but has not been granted those access rights.  (0xc0000022)
[0817/084850:ERROR:exception_snapshot_win.cc(88)] thread ID 6040 not found in process
[0817/084850:WARNING:crash_report_exception_handler.cc(60)] ProcessSnapshotWin::InitializeException failed
[0817/085313:ERROR:process_info.cc(608)] range at 0xfffde000, size 0x230 fully unreadable
[0817/085313:ERROR:process_reader_win.cc(114)] NtOpenThread: {Access Denied} A process has requested access to an object, but has not been granted those access rights.  (0xc0000022)
[0817/085313:ERROR:exception_snapshot_win.cc(88)] thread ID 9376 not found in process
[0817/085313:WARNING:crash_report_exception_handler.cc(60)] ProcessSnapshotWin::InitializeException failed
[0817/085843:ERROR:process_info.cc(608)] range at 0xfffde000, size 0x230 fully unreadable
[0817/085843:ERROR:process_reader_win.cc(114)] NtOpenThread: {Access Denied} A process has requested access to an object, but has not been granted those access rights.  (0xc0000022)
[0817/085843:ERROR:exception_snapshot_win.cc(88)] thread ID 10120 not found in process
[0817/085843:WARNING:crash_report_exception_handler.cc(60)] ProcessSnapshotWin::InitializeException failed
[0817/085938:ERROR:process_info.cc(608)] range at 0xfffde000, size 0x230 fully unreadable
[0817/085938:ERROR:process_reader_win.cc(114)] NtOpenThread: {Access Denied} A process has requested access to an object, but has not been granted those access rights.  (0xc0000022)
[0817/085938:ERROR:exception_snapshot_win.cc(88)] thread ID 5708 not found in process
[0817/085938:WARNING:crash_report_exception_handler.cc(60)] ProcessSnapshotWin::InitializeException failed
[0817/090036:ERROR:process_info.cc(608)] range at 0xfffde000, size 0x230 fully unreadable
[0817/090036:ERROR:process_reader_win.cc(114)] NtOpenThread: {Access Denied} A process has requested access to an object, but has not been granted those access rights.  (0xc0000022)
[0817/090036:ERROR:exception_snapshot_win.cc(88)] thread ID 5784 not found in process
[0817/090036:WARNING:crash_report_exception_handler.cc(60)] ProcessSnapshotWin::InitializeException failed
[0817/113310:ERROR:process_info.cc(608)] range at 0xfffde000, size 0x230 fully unreadable
[0817/113310:ERROR:process_reader_win.cc(114)] NtOpenThread: {Access Denied} A process has requested access to an object, but has not been granted those access rights.  (0xc0000022)
[0817/113310:ERROR:exception_snapshot_win.cc(88)] thread ID 10436 not found in process
[0817/113310:WARNING:crash_report_exception_handler.cc(60)] ProcessSnapshotWin::InitializeException failed
[0817/113858:ERROR:process_info.cc(608)] range at 0xfffde000, size 0x230 fully unreadable
[0817/113858:ERROR:process_reader_win.cc(114)] NtOpenThread: {Access Denied} A process has requested access to an object, but has not been granted those access rights.  (0xc0000022)
[0817/113858:ERROR:exception_snapshot_win.cc(88)] thread ID 8668 not found in process
[0817/113858:WARNING:crash_report_exception_handler.cc(60)] ProcessSnapshotWin::InitializeException failed
[0817/114058:ERROR:process_info.cc(608)] range at 0xfffde000, size 0x230 fully unreadable
[0817/114058:ERROR:process_reader_win.cc(114)] NtOpenThread: {Access Denied} A process has requested access to an object, but has not been granted those access rights.  (0xc0000022)
[0817/114058:ERROR:exception_snapshot_win.cc(88)] thread ID 5348 not found in process
[0817/114058:WARNING:crash_report_exception_handler.cc(60)] ProcessSnapshotWin::InitializeException failed
[0817/114222:ERROR:process_info.cc(608)] range at 0xfffde000, size 0x230 fully unreadable
[0817/114222:ERROR:process_reader_win.cc(114)] NtOpenThread: {Access Denied} A process has requested access to an object, but has not been granted those access rights.  (0xc0000022)
[0817/114222:ERROR:exception_snapshot_win.cc(88)] thread ID 10044 not found in process
[0817/114222:WARNING:crash_report_exception_handler.cc(60)] ProcessSnapshotWin::InitializeException failed
[0817/114340:ERROR:process_info.cc(608)] range at 0xfffde000, size 0x230 fully unreadable
[0817/114340:ERROR:process_reader_win.cc(114)] NtOpenThread: {Access Denied} A process has requested access to an object, but has not been granted those access rights.  (0xc0000022)
[0817/114340:ERROR:exception_snapshot_win.cc(88)] thread ID 10436 not found in process
[0817/114340:WARNING:crash_report_exception_handler.cc(60)] ProcessSnapshotWin::InitializeException failed
[0817/114512:ERROR:process_info.cc(608)] range at 0xfffde000, size 0x230 fully unreadable
[0817/114512:ERROR:process_reader_win.cc(114)] NtOpenThread: {Access Denied} A process has requested access to an object, but has not been granted those access rights.  (0xc0000022)
[0817/114512:ERROR:exception_snapshot_win.cc(88)] thread ID 10128 not found in process
[0817/114512:WARNING:crash_report_exception_handler.cc(60)] ProcessSnapshotWin::InitializeException failed
[0818/084137:ERROR:process_info.cc(608)] range at 0xfffde000, size 0x230 fully unreadable
[0818/084137:ERROR:process_reader_win.cc(114)] NtOpenThread: {Access Denied} A process has requested access to an object, but has not been granted those access rights.  (0xc0000022)
[0818/084137:ERROR:exception_snapshot_win.cc(88)] thread ID 11868 not found in process
[0818/084137:WARNING:crash_report_exception_handler.cc(60)] ProcessSnapshotWin::InitializeException failed
[0818/084212:ERROR:process_info.cc(608)] range at 0xfffde000, size 0x230 fully unreadable
[0818/084212:ERROR:process_reader_win.cc(114)] NtOpenThread: {Access Denied} A process has requested access to an object, but has not been granted those access rights.  (0xc0000022)
[0818/084212:ERROR:exception_snapshot_win.cc(88)] thread ID 11708 not found in process
[0818/084212:WARNING:crash_report_exception_handler.cc(60)] ProcessSnapshotWin::InitializeException failed
[0818/084412:ERROR:process_info.cc(608)] range at 0xfffde000, size 0x230 fully unreadable
[0818/084412:ERROR:process_reader_win.cc(114)] NtOpenThread: {Access Denied} A process has requested access to an object, but has not been granted those access rights.  (0xc0000022)
[0818/084412:ERROR:exception_snapshot_win.cc(88)] thread ID 12188 not found in process
[0818/084412:WARNING:crash_report_exception_handler.cc(60)] ProcessSnapshotWin::InitializeException failed
[0818/085531:ERROR:process_info.cc(608)] range at 0xfffde000, size 0x230 fully unreadable
[0818/085531:ERROR:process_reader_win.cc(114)] NtOpenThread: {Access Denied} A process has requested access to an object, but has not been granted those access rights.  (0xc0000022)
[0818/085531:ERROR:exception_snapshot_win.cc(88)] thread ID 6176 not found in process
[0818/085531:WARNING:crash_report_exception_handler.cc(60)] ProcessSnapshotWin::InitializeException failed
[0818/085624:ERROR:process_info.cc(608)] range at 0xfffde000, size 0x230 fully unreadable
[0818/085624:ERROR:process_reader_win.cc(114)] NtOpenThread: {Access Denied} A process has requested access to an object, but has not been granted those access rights.  (0xc0000022)
[0818/085624:ERROR:exception_snapshot_win.cc(88)] thread ID 9532 not found in process
[0818/085624:WARNING:crash_report_exception_handler.cc(60)] ProcessSnapshotWin::InitializeException failed
[0818/085702:ERROR:process_info.cc(608)] range at 0xfffde000, size 0x230 fully unreadable
[0818/085702:ERROR:process_reader_win.cc(114)] NtOpenThread: {Access Denied} A process has requested access to an object, but has not been granted those access rights.  (0xc0000022)
[0818/085702:ERROR:exception_snapshot_win.cc(88)] thread ID 10708 not found in process
[0818/085702:WARNING:crash_report_exception_handler.cc(60)] ProcessSnapshotWin::InitializeException failed
[0818/085910:ERROR:process_info.cc(608)] range at 0xfffde000, size 0x230 fully unreadable
[0818/085910:ERROR:process_reader_win.cc(114)] NtOpenThread: {Access Denied} A process has requested access to an object, but has not been granted those access rights.  (0xc0000022)
[0818/085910:ERROR:exception_snapshot_win.cc(88)] thread ID 11292 not found in process
[0818/085910:WARNING:crash_report_exception_handler.cc(60)] ProcessSnapshotWin::InitializeException failed
[0818/091821:ERROR:process_info.cc(608)] range at 0xfffde000, size 0x230 fully unreadable
[0818/091821:ERROR:process_reader_win.cc(114)] NtOpenThread: {Access Denied} A process has requested access to an object, but has not been granted those access rights.  (0xc0000022)
[0818/091821:ERROR:exception_snapshot_win.cc(88)] thread ID 9184 not found in process
[0818/091821:WARNING:crash_report_exception_handler.cc(60)] ProcessSnapshotWin::InitializeException failed
[0818/092016:ERROR:process_info.cc(608)] range at 0xfffde000, size 0x230 fully unreadable
[0818/092016:ERROR:process_reader_win.cc(114)] NtOpenThread: {Access Denied} A process has requested access to an object, but has not been granted those access rights.  (0xc0000022)
[0818/092016:ERROR:exception_snapshot_win.cc(88)] thread ID 10296 not found in process
[0818/092016:WARNING:crash_report_exception_handler.cc(60)] ProcessSnapshotWin::InitializeException failed
[0818/092114:ERROR:process_info.cc(608)] range at 0xfffde000, size 0x230 fully unreadable
[0818/092114:ERROR:process_reader_win.cc(114)] NtOpenThread: {Access Denied} A process has requested access to an object, but has not been granted those access rights.  (0xc0000022)
[0818/092114:ERROR:exception_snapshot_win.cc(88)] thread ID 9388 not found in process
[0818/092114:WARNING:crash_report_exception_handler.cc(60)] ProcessSnapshotWin::InitializeException failed
[0818/092236:ERROR:process_info.cc(608)] range at 0xfffde000, size 0x230 fully unreadable
[0818/092236:ERROR:process_reader_win.cc(114)] NtOpenThread: {Access Denied} A process has requested access to an object, but has not been granted those access rights.  (0xc0000022)
[0818/092236:ERROR:exception_snapshot_win.cc(88)] thread ID 4252 not found in process
[0818/092236:WARNING:crash_report_exception_handler.cc(60)] ProcessSnapshotWin::InitializeException failed
[0819/090844:ERROR:process_info.cc(608)] range at 0xfffde000, size 0x230 fully unreadable
[0819/090844:ERROR:process_reader_win.cc(114)] NtOpenThread: {Access Denied} A process has requested access to an object, but has not been granted those access rights.  (0xc0000022)
[0819/090844:ERROR:exception_snapshot_win.cc(88)] thread ID 9316 not found in process
[0819/090844:WARNING:crash_report_exception_handler.cc(60)] ProcessSnapshotWin::InitializeException failed
[0819/091018:ERROR:process_info.cc(608)] range at 0xfffde000, size 0x230 fully unreadable
[0819/091018:ERROR:process_reader_win.cc(114)] NtOpenThread: {Access Denied} A process has requested access to an object, but has not been granted those access rights.  (0xc0000022)
[0819/091018:ERROR:exception_snapshot_win.cc(88)] thread ID 4480 not found in process
[0819/091018:WARNING:crash_report_exception_handler.cc(60)] ProcessSnapshotWin::InitializeException failed
[0819/121529:ERROR:process_info.cc(608)] range at 0xfffde000, size 0x230 fully unreadable
[0819/121529:ERROR:process_reader_win.cc(114)] NtOpenThread: {Access Denied} A process has requested access to an object, but has not been granted those access rights.  (0xc0000022)
[0819/121529:ERROR:exception_snapshot_win.cc(88)] thread ID 6252 not found in process
[0819/121529:WARNING:crash_report_exception_handler.cc(60)] ProcessSnapshotWin::InitializeException failed
[0819/121804:ERROR:process_info.cc(608)] range at 0xfffde000, size 0x230 fully unreadable
[0819/121804:ERROR:process_reader_win.cc(114)] NtOpenThread: {Access Denied} A process has requested access to an object, but has not been granted those access rights.  (0xc0000022)
[0819/121804:ERROR:exception_snapshot_win.cc(88)] thread ID 3832 not found in process
[0819/121804:WARNING:crash_report_exception_handler.cc(60)] ProcessSnapshotWin::InitializeException failed
[0819/121858:ERROR:process_info.cc(608)] range at 0xfffde000, size 0x230 fully unreadable
[0819/121858:ERROR:process_reader_win.cc(114)] NtOpenThread: {Access Denied} A process has requested access to an object, but has not been granted those access rights.  (0xc0000022)
[0819/121858:ERROR:exception_snapshot_win.cc(88)] thread ID 1096 not found in process
[0819/121858:WARNING:crash_report_exception_handler.cc(60)] ProcessSnapshotWin::InitializeException failed
[0822/092157:ERROR:process_info.cc(608)] range at 0xfffde000, size 0x230 fully unreadable
[0822/092157:ERROR:process_reader_win.cc(114)] NtOpenThread: {Access Denied} A process has requested access to an object, but has not been granted those access rights.  (0xc0000022)
[0822/092157:ERROR:exception_snapshot_win.cc(88)] thread ID 8272 not found in process
[0822/092157:WARNING:crash_report_exception_handler.cc(60)] ProcessSnapshotWin::InitializeException failed
[0822/092232:ERROR:process_info.cc(608)] range at 0xfffde000, size 0x230 fully unreadable
[0822/092232:ERROR:process_reader_win.cc(114)] NtOpenThread: {Access Denied} A process has requested access to an object, but has not been granted those access rights.  (0xc0000022)
[0822/092232:ERROR:exception_snapshot_win.cc(88)] thread ID 6476 not found in process
[0822/092232:WARNING:crash_report_exception_handler.cc(60)] ProcessSnapshotWin::InitializeException failed
[0822/092313:ERROR:process_info.cc(608)] range at 0xfffde000, size 0x230 fully unreadable
[0822/092313:ERROR:process_reader_win.cc(114)] NtOpenThread: {Access Denied} A process has requested access to an object, but has not been granted those access rights.  (0xc0000022)
[0822/092313:ERROR:exception_snapshot_win.cc(88)] thread ID 4184 not found in process
[0822/092313:WARNING:crash_report_exception_handler.cc(60)] ProcessSnapshotWin::InitializeException failed
[0822/092827:ERROR:process_info.cc(608)] range at 0xfffde000, size 0x230 fully unreadable
[0822/092827:ERROR:process_reader_win.cc(114)] NtOpenThread: {Access Denied} A process has requested access to an object, but has not been granted those access rights.  (0xc0000022)
[0822/092827:ERROR:exception_snapshot_win.cc(88)] thread ID 5220 not found in process
[0822/092827:WARNING:crash_report_exception_handler.cc(60)] ProcessSnapshotWin::InitializeException failed
[0822/092902:ERROR:process_info.cc(608)] range at 0xfffde000, size 0x230 fully unreadable
[0822/092902:ERROR:process_reader_win.cc(114)] NtOpenThread: {Access Denied} A process has requested access to an object, but has not been granted those access rights.  (0xc0000022)
[0822/092902:ERROR:exception_snapshot_win.cc(88)] thread ID 9612 not found in process
[0822/092902:WARNING:crash_report_exception_handler.cc(60)] ProcessSnapshotWin::InitializeException failed
[0823/104859:ERROR:process_info.cc(608)] range at 0xfffde000, size 0x230 fully unreadable
[0823/104859:ERROR:process_reader_win.cc(114)] NtOpenThread: {Access Denied} A process has requested access to an object, but has not been granted those access rights.  (0xc0000022)
[0823/104859:ERROR:exception_snapshot_win.cc(88)] thread ID 12232 not found in process
[0823/104859:WARNING:crash_report_exception_handler.cc(60)] ProcessSnapshotWin::InitializeException failed
[0823/121823:ERROR:process_info.cc(608)] range at 0xfffde000, size 0x230 fully unreadable
[0823/121823:ERROR:process_reader_win.cc(114)] NtOpenThread: {Access Denied} A process has requested access to an object, but has not been granted those access rights.  (0xc0000022)
[0823/121823:ERROR:exception_snapshot_win.cc(88)] thread ID 9408 not found in process
[0823/121823:WARNING:crash_report_exception_handler.cc(60)] ProcessSnapshotWin::InitializeException failed
[0824/165820:ERROR:process_info.cc(608)] range at 0xfffde000, size 0x230 fully unreadable
[0824/165820:ERROR:process_reader_win.cc(114)] NtOpenThread: {Access Denied} A process has requested access to an object, but has not been granted those access rights.  (0xc0000022)
[0824/165820:ERROR:exception_snapshot_win.cc(88)] thread ID 8344 not found in process
[0824/165820:WARNING:crash_report_exception_handler.cc(60)] ProcessSnapshotWin::InitializeException failed
[0824/170601:ERROR:process_info.cc(608)] range at 0xfffde000, size 0x230 fully unreadable
[0824/170601:ERROR:process_reader_win.cc(114)] NtOpenThread: {Access Denied} A process has requested access to an object, but has not been granted those access rights.  (0xc0000022)
[0824/170601:ERROR:exception_snapshot_win.cc(88)] thread ID 9356 not found in process
[0824/170601:WARNING:crash_report_exception_handler.cc(60)] ProcessSnapshotWin::InitializeException failed
[0830/085550:ERROR:process_info.cc(608)] range at 0xfffde000, size 0x230 fully unreadable
[0830/085550:ERROR:process_reader_win.cc(114)] NtOpenThread: {Access Denied} A process has requested access to an object, but has not been granted those access rights.  (0xc0000022)
[0830/085550:ERROR:exception_snapshot_win.cc(88)] thread ID 10524 not found in process
[0830/085550:WARNING:crash_report_exception_handler.cc(60)] ProcessSnapshotWin::InitializeException failed
[0830/090454:ERROR:process_info.cc(608)] range at 0xfffde000, size 0x230 fully unreadable
[0830/090454:ERROR:process_reader_win.cc(114)] NtOpenThread: {Access Denied} A process has requested access to an object, but has not been granted those access rights.  (0xc0000022)
[0830/090454:ERROR:exception_snapshot_win.cc(88)] thread ID 2240 not found in process
[0830/090454:WARNING:crash_report_exception_handler.cc(60)] ProcessSnapshotWin::InitializeException failed
[0830/090525:ERROR:process_info.cc(608)] range at 0xfffde000, size 0x230 fully unreadable
[0830/090525:ERROR:process_reader_win.cc(114)] NtOpenThread: {Access Denied} A process has requested access to an object, but has not been granted those access rights.  (0xc0000022)
[0830/090525:ERROR:exception_snapshot_win.cc(88)] thread ID 6116 not found in process
[0830/090525:WARNING:crash_report_exception_handler.cc(60)] ProcessSnapshotWin::InitializeException failed
[0830/091255:ERROR:process_info.cc(608)] range at 0xfffde000, size 0x230 fully unreadable
[0830/091255:ERROR:process_reader_win.cc(114)] NtOpenThread: {Access Denied} A process has requested access to an object, but has not been granted those access rights.  (0xc0000022)
[0830/091255:ERROR:exception_snapshot_win.cc(88)] thread ID 13148 not found in process
[0830/091255:WARNING:crash_report_exception_handler.cc(60)] ProcessSnapshotWin::InitializeException failed
[0830/091751:ERROR:process_info.cc(608)] range at 0xfffde000, size 0x230 fully unreadable
[0830/091751:ERROR:process_reader_win.cc(114)] NtOpenThread: {Access Denied} A process has requested access to an object, but has not been granted those access rights.  (0xc0000022)
[0830/091751:ERROR:exception_snapshot_win.cc(88)] thread ID 10000 not found in process
[0830/091751:WARNING:crash_report_exception_handler.cc(60)] ProcessSnapshotWin::InitializeException failed
[0830/102510:ERROR:process_info.cc(608)] range at 0xfffde000, size 0x230 fully unreadable
[0830/102510:ERROR:process_reader_win.cc(114)] NtOpenThread: {Access Denied} A process has requested access to an object, but has not been granted those access rights.  (0xc0000022)
[0830/102510:ERROR:exception_snapshot_win.cc(88)] thread ID 10624 not found in process
[0830/102510:WARNING:crash_report_exception_handler.cc(60)] ProcessSnapshotWin::InitializeException failed
[0830/102634:ERROR:process_info.cc(608)] range at 0xfffde000, size 0x230 fully unreadable
[0830/102634:ERROR:process_reader_win.cc(114)] NtOpenThread: {Access Denied} A process has requested access to an object, but has not been granted those access rights.  (0xc0000022)
[0830/102634:ERROR:exception_snapshot_win.cc(88)] thread ID 7348 not found in process
[0830/102634:WARNING:crash_report_exception_handler.cc(60)] ProcessSnapshotWin::InitializeException failed
[0831/092143:ERROR:process_info.cc(608)] range at 0xfffde000, size 0x230 fully unreadable
[0831/092143:ERROR:process_reader_win.cc(114)] NtOpenThread: {Access Denied} A process has requested access to an object, but has not been granted those access rights.  (0xc0000022)
[0831/092143:ERROR:exception_snapshot_win.cc(88)] thread ID 12936 not found in process
[0831/092143:WARNING:crash_report_exception_handler.cc(60)] ProcessSnapshotWin::InitializeException failed
[0831/092257:ERROR:process_info.cc(608)] range at 0xfffde000, size 0x230 fully unreadable
[0831/092257:ERROR:process_reader_win.cc(114)] NtOpenThread: {Access Denied} A process has requested access to an object, but has not been granted those access rights.  (0xc0000022)
[0831/092257:ERROR:exception_snapshot_win.cc(88)] thread ID 10452 not found in process
[0831/092257:WARNING:crash_report_exception_handler.cc(60)] ProcessSnapshotWin::InitializeException failed
[0831/092407:ERROR:process_info.cc(608)] range at 0xfffde000, size 0x230 fully unreadable
[0831/092407:ERROR:process_reader_win.cc(114)] NtOpenThread: {Access Denied} A process has requested access to an object, but has not been granted those access rights.  (0xc0000022)
[0831/092407:ERROR:exception_snapshot_win.cc(88)] thread ID 7476 not found in process
[0831/092407:WARNING:crash_report_exception_handler.cc(60)] ProcessSnapshotWin::InitializeException failed
[0906/160008:ERROR:process_info.cc(608)] range at 0xfffde000, size 0x230 fully unreadable
[0906/160008:ERROR:process_reader_win.cc(114)] NtOpenThread: {Access Denied} A process has requested access to an object, but has not been granted those access rights.  (0xc0000022)
[0906/160008:ERROR:exception_snapshot_win.cc(88)] thread ID 7532 not found in process
[0906/160008:WARNING:crash_report_exception_handler.cc(60)] ProcessSnapshotWin::InitializeException failed
[0907/085349:ERROR:process_info.cc(608)] range at 0xfffde000, size 0x230 fully unreadable
[0907/085349:ERROR:process_reader_win.cc(114)] NtOpenThread: {Access Denied} A process has requested access to an object, but has not been granted those access rights.  (0xc0000022)
[0907/085349:ERROR:exception_snapshot_win.cc(88)] thread ID 7960 not found in process
[0907/085349:WARNING:crash_report_exception_handler.cc(60)] ProcessSnapshotWin::InitializeException failed
[0907/085603:ERROR:process_info.cc(608)] range at 0xfffde000, size 0x230 fully unreadable
[0907/085603:ERROR:process_reader_win.cc(114)] NtOpenThread: {Access Denied} A process has requested access to an object, but has not been granted those access rights.  (0xc0000022)
[0907/085603:ERROR:exception_snapshot_win.cc(88)] thread ID 7804 not found in process
[0907/085603:WARNING:crash_report_exception_handler.cc(60)] ProcessSnapshotWin::InitializeException failed
[0907/092242:ERROR:process_info.cc(608)] range at 0xfffde000, size 0x230 fully unreadable
[0907/092242:ERROR:process_reader_win.cc(114)] NtOpenThread: {Access Denied} A process has requested access to an object, but has not been granted those access rights.  (0xc0000022)
[0907/092242:ERROR:exception_snapshot_win.cc(88)] thread ID 7812 not found in process
[0907/092242:WARNING:crash_report_exception_handler.cc(60)] ProcessSnapshotWin::InitializeException failed
[0907/092840:ERROR:process_info.cc(608)] range at 0xfffde000, size 0x230 fully unreadable
[0907/092840:ERROR:process_reader_win.cc(114)] NtOpenThread: {Access Denied} A process has requested access to an object, but has not been granted those access rights.  (0xc0000022)
[0907/092840:ERROR:exception_snapshot_win.cc(88)] thread ID 7944 not found in process
[0907/092840:WARNING:crash_report_exception_handler.cc(60)] ProcessSnapshotWin::InitializeException failed
[0907/095650:ERROR:process_info.cc(608)] range at 0xfffde000, size 0x230 fully unreadable
[0907/095650:ERROR:process_reader_win.cc(114)] NtOpenThread: {Access Denied} A process has requested access to an object, but has not been granted those access rights.  (0xc0000022)
[0907/095650:ERROR:exception_snapshot_win.cc(88)] thread ID 8728 not found in process
[0907/095650:WARNING:crash_report_exception_handler.cc(60)] ProcessSnapshotWin::InitializeException failed
[0907/151142:ERROR:process_info.cc(608)] range at 0xfffde000, size 0x230 fully unreadable
[0907/151142:ERROR:process_reader_win.cc(114)] NtOpenThread: {Access Denied} A process has requested access to an object, but has not been granted those access rights.  (0xc0000022)
[0907/151142:ERROR:exception_snapshot_win.cc(88)] thread ID 8576 not found in process
[0907/151142:WARNING:crash_report_exception_handler.cc(60)] ProcessSnapshotWin::InitializeException failed
[0907/161403:ERROR:process_info.cc(608)] range at 0xfffde000, size 0x230 fully unreadable
[0907/161403:ERROR:process_reader_win.cc(114)] NtOpenThread: {Access Denied} A process has requested access to an object, but has not been granted those access rights.  (0xc0000022)
[0907/161403:ERROR:exception_snapshot_win.cc(88)] thread ID 9280 not found in process
[0907/161403:WARNING:crash_report_exception_handler.cc(60)] ProcessSnapshotWin::InitializeException failed
[0907/161403:ERROR:process_info.cc(608)] range at 0xfffde000, size 0x230 fully unreadable
[0907/161403:ERROR:process_reader_win.cc(114)] NtOpenThread: {Access Denied} A process has requested access to an object, but has not been granted those access rights.  (0xc0000022)
[0907/161403:ERROR:exception_snapshot_win.cc(88)] thread ID 8516 not found in process
[0907/161403:WARNING:crash_report_exception_handler.cc(60)] ProcessSnapshotWin::InitializeException failed
[0907/161403:ERROR:process_info.cc(608)] range at 0xfffde000, size 0x230 fully unreadable
[0907/161403:ERROR:process_reader_win.cc(114)] NtOpenThread: {Access Denied} A process has requested access to an object, but has not been granted those access rights.  (0xc0000022)
[0907/161403:ERROR:exception_snapshot_win.cc(88)] thread ID 9800 not found in process
[0907/161403:WARNING:crash_report_exception_handler.cc(60)] ProcessSnapshotWin::InitializeException failed
[0908/105724:ERROR:process_info.cc(608)] range at 0xfffde000, size 0x230 fully unreadable
[0908/105724:ERROR:process_reader_win.cc(114)] NtOpenThread: {Access Denied} A process has requested access to an object, but has not been granted those access rights.  (0xc0000022)
[0908/105724:ERROR:exception_snapshot_win.cc(88)] thread ID 9316 not found in process
[0908/105724:WARNING:crash_report_exception_handler.cc(60)] ProcessSnapshotWin::InitializeException failed
[0908/105828:ERROR:process_info.cc(608)] range at 0xfffde000, size 0x230 fully unreadable
[0908/105828:ERROR:process_reader_win.cc(114)] NtOpenThread: {Access Denied} A process has requested access to an object, but has not been granted those access rights.  (0xc0000022)
[0908/105828:ERROR:exception_snapshot_win.cc(88)] thread ID 8808 not found in process
[0908/105828:WARNING:crash_report_exception_handler.cc(60)] ProcessSnapshotWin::InitializeException failed
[0908/113044:ERROR:process_info.cc(608)] range at 0xfffde000, size 0x230 fully unreadable
[0908/113044:ERROR:process_reader_win.cc(114)] NtOpenThread: {Access Denied} A process has requested access to an object, but has not been granted those access rights.  (0xc0000022)
[0908/113044:ERROR:exception_snapshot_win.cc(88)] thread ID 9692 not found in process
[0908/113044:WARNING:crash_report_exception_handler.cc(60)] ProcessSnapshotWin::InitializeException failed
[0928/111757:ERROR:process_reader_win.cc(114)] NtOpenThread: {Access Denied} A process has requested access to an object, but has not been granted those access rights.  (0xc0000022)
[0928/111757:ERROR:exception_snapshot_win.cc(87)] thread ID 8632 not found in process
[0928/111757:WARNING:crash_report_exception_handler.cc(56)] ProcessSnapshotWin::Initialize failed
[0928/111826:ERROR:process_reader_win.cc(114)] NtOpenThread: {Access Denied} A process has requested access to an object, but has not been granted those access rights.  (0xc0000022)
[0928/111826:ERROR:exception_snapshot_win.cc(87)] thread ID 8412 not found in process
[0928/111826:WARNING:crash_report_exception_handler.cc(56)] ProcessSnapshotWin::Initialize failed
[0928/112034:ERROR:process_reader_win.cc(114)] NtOpenThread: {Access Denied} A process has requested access to an object, but has not been granted those access rights.  (0xc0000022)
[0928/112034:ERROR:exception_snapshot_win.cc(87)] thread ID 3024 not found in process
[0928/112034:WARNING:crash_report_exception_handler.cc(56)] ProcessSnapshotWin::Initialize failed
[0928/112302:ERROR:process_reader_win.cc(114)] NtOpenThread: {Access Denied} A process has requested access to an object, but has not been granted those access rights.  (0xc0000022)
[0928/112302:ERROR:exception_snapshot_win.cc(87)] thread ID 7816 not found in process
[0928/112302:WARNING:crash_report_exception_handler.cc(56)] ProcessSnapshotWin::Initialize failed
[0928/112350:ERROR:process_reader_win.cc(114)] NtOpenThread: {Access Denied} A process has requested access to an object, but has not been granted those access rights.  (0xc0000022)
[0928/112350:ERROR:exception_snapshot_win.cc(87)] thread ID 8588 not found in process
[0928/112350:WARNING:crash_report_exception_handler.cc(56)] ProcessSnapshotWin::Initialize failed
[0928/112526:ERROR:process_reader_win.cc(114)] NtOpenThread: {Access Denied} A process has requested access to an object, but has not been granted those access rights.  (0xc0000022)
[0928/112526:ERROR:exception_snapshot_win.cc(87)] thread ID 8364 not found in process
[0928/112526:WARNING:crash_report_exception_handler.cc(56)] ProcessSnapshotWin::Initialize failed
[0928/113313:ERROR:process_reader_win.cc(114)] NtOpenThread: {Access Denied} A process has requested access to an object, but has not been granted those access rights.  (0xc0000022)
[0928/113313:ERROR:exception_snapshot_win.cc(87)] thread ID 8632 not found in process
[0928/113313:WARNING:crash_report_exception_handler.cc(56)] ProcessSnapshotWin::Initialize failed
[0928/113348:ERROR:process_reader_win.cc(114)] NtOpenThread: {Access Denied} A process has requested access to an object, but has not been granted those access rights.  (0xc0000022)
[0928/113348:ERROR:exception_snapshot_win.cc(87)] thread ID 8876 not found in process
[0928/113348:WARNING:crash_report_exception_handler.cc(56)] ProcessSnapshotWin::Initialize failed
[0928/113419:ERROR:process_reader_win.cc(114)] NtOpenThread: {Access Denied} A process has requested access to an object, but has not been granted those access rights.  (0xc0000022)
[0928/113419:ERROR:exception_snapshot_win.cc(87)] thread ID 7816 not found in process
[0928/113419:WARNING:crash_report_exception_handler.cc(56)] ProcessSnapshotWin::Initialize failed
[1004/152635:ERROR:process_reader_win.cc(114)] NtOpenThread: {Access Denied} A process has requested access to an object, but has not been granted those access rights.  (0xc0000022)
[1004/152635:ERROR:exception_snapshot_win.cc(87)] thread ID 8000 not found in process
[1004/152635:WARNING:crash_report_exception_handler.cc(56)] ProcessSnapshotWin::Initialize failed
[1004/153504:ERROR:process_reader_win.cc(114)] NtOpenThread: {Access Denied} A process has requested access to an object, but has not been granted those access rights.  (0xc0000022)
[1004/153504:ERROR:exception_snapshot_win.cc(87)] thread ID 3572 not found in process
[1004/153504:WARNING:crash_report_exception_handler.cc(56)] ProcessSnapshotWin::Initialize failed
